Using pre-set license
Built from '2021.3/staging' branch; Version is '2021.3.6f1 (7da38d85baf6) revision 8233869'; Using compiler version '192829333'; Build Type 'Release'
OS: 'Windows 11  (10.0.22000) 64bit Core' Language: 'en' Physical Memory: 16236 MB
BatchMode: 1, IsHumanControllingUs: 0, StartBugReporterOnCrash: 0, Is64bit: 1, IsPro: 1

COMMAND LINE ARGUMENTS:
C:\Program Files\Unity\Hub\Editor\2021.3.6f1\Editor\Unity.exe
-adb2
-batchMode
-noUpm
-name
AssetImportWorker2
-projectPath
D:/Unity Projects/Battleship Brick Breaker New/BattleshipBrickBreakerNew/Battleship Brick Breaker
-logFile
Logs/AssetImportWorker2.log
-srvPort
1083
Successfully changed project path to: D:/Unity Projects/Battleship Brick Breaker New/BattleshipBrickBreakerNew/Battleship Brick Breaker
D:/Unity Projects/Battleship Brick Breaker New/BattleshipBrickBreakerNew/Battleship Brick Breaker
[UnityMemory] Configuration Parameters - Can be set up in boot.config
    "memorysetup-bucket-allocator-granularity=16"
    "memorysetup-bucket-allocator-bucket-count=8"
    "memorysetup-bucket-allocator-block-size=33554432"
    "memorysetup-bucket-allocator-block-count=8"
    "memorysetup-main-allocator-block-size=16777216"
    "memorysetup-thread-allocator-block-size=16777216"
    "memorysetup-gfx-main-allocator-block-size=16777216"
    "memorysetup-gfx-thread-allocator-block-size=16777216"
    "memorysetup-cache-allocator-block-size=4194304"
    "memorysetup-typetree-allocator-block-size=2097152"
    "memorysetup-profiler-bucket-allocator-granularity=16"
    "memorysetup-profiler-bucket-allocator-bucket-count=8"
    "memorysetup-profiler-bucket-allocator-block-size=33554432"
    "memorysetup-profiler-bucket-allocator-block-count=8"
    "memorysetup-profiler-allocator-block-size=16777216"
    "memorysetup-profiler-editor-allocator-block-size=1048576"
    "memorysetup-temp-allocator-size-main=16777216"
    "memorysetup-job-temp-allocator-block-size=2097152"
    "memorysetup-job-temp-allocator-block-size-background=1048576"
    "memorysetup-job-temp-allocator-reduction-small-platforms=262144"
    "memorysetup-temp-allocator-size-background-worker=32768"
    "memorysetup-temp-allocator-size-job-worker=262144"
    "memorysetup-temp-allocator-size-preload-manager=33554432"
    "memorysetup-temp-allocator-size-nav-mesh-worker=65536"
    "memorysetup-temp-allocator-size-audio-worker=65536"
    "memorysetup-temp-allocator-size-cloud-worker=32768"
    "memorysetup-temp-allocator-size-gi-baking-worker=262144"
    "memorysetup-temp-allocator-size-gfx=262144"
Refreshing native plugins compatible for Editor in 110.07 ms, found 5 plugins.
Preloading 0 native plugins for Editor in 0.00 ms.
Initialize engine version: 2021.3.6f1 (7da38d85baf6)
[Subsystems] Discovering subsystems at path C:/Program Files/Unity/Hub/Editor/2021.3.6f1/Editor/Data/Resources/UnitySubsystems
[Subsystems] Discovering subsystems at path D:/Unity Projects/Battleship Brick Breaker New/BattleshipBrickBreakerNew/Battleship Brick Breaker/Assets
GfxDevice: creating device client; threaded=0; jobified=0
Direct3D:
    Version:  Direct3D 11.0 [level 11.1]
    Renderer: NVIDIA GeForce RTX 3060 Laptop GPU (ID=0x2560)
    Vendor:   NVIDIA
    VRAM:     6023 MB
    Driver:   30.0.15.1236
Shader 'WFX/Transparent Diffuse': fallback shader 'Particles/Alpha Blended' not found
Shader 'WFX/Transparent Specular': fallback shader 'Particles/Alpha Blended' not found
Initialize mono
Mono path[0] = 'C:/Program Files/Unity/Hub/Editor/2021.3.6f1/Editor/Data/Managed'
Mono path[1] = 'C:/Program Files/Unity/Hub/Editor/2021.3.6f1/Editor/Data/MonoBleedingEdge/lib/mono/unityjit-win32'
Mono config path = 'C:/Program Files/Unity/Hub/Editor/2021.3.6f1/Editor/Data/MonoBleedingEdge/etc'
Using monoOptions --debugger-agent=transport=dt_socket,embedding=1,server=y,suspend=n,address=127.0.0.1:56852
Begin MonoManager ReloadAssembly
Registering precompiled unity dll's ...
Register platform support module: C:/Program Files/Unity/Hub/Editor/2021.3.6f1/Editor/Data/PlaybackEngines/AndroidPlayer/UnityEditor.Android.Extensions.dll
Register platform support module: C:/Program Files/Unity/Hub/Editor/2021.3.6f1/Editor/Data/PlaybackEngines/WindowsStandaloneSupport/UnityEditor.WindowsStandalone.Extensions.dll
Registered in 0.004089 seconds.
Native extension for WindowsStandalone target not found
Native extension for Android target not found
Refreshing native plugins compatible for Editor in 87.06 ms, found 5 plugins.
Preloading 0 native plugins for Editor in 0.00 ms.
Mono: successfully reloaded assembly
- Completed reload, in  0.670 seconds
Domain Reload Profiling:
	ReloadAssembly (671ms)
		BeginReloadAssembly (55ms)
			ExecutionOrderSort (0ms)
			DisableScriptedObjects (0ms)
			BackupInstance (0ms)
			ReleaseScriptingObjects (0ms)
			CreateAndSetChildDomain (1ms)
		EndReloadAssembly (531ms)
			LoadAssemblies (54ms)
			RebuildTransferFunctionScriptingTraits (0ms)
			SetupTypeCache (76ms)
			ReleaseScriptCaches (0ms)
			RebuildScriptCaches (21ms)
			SetupLoadedEditorAssemblies (393ms)
				LogAssemblyErrors (0ms)
				InitializePlatformSupportModulesInManaged (43ms)
				SetLoadedEditorAssemblies (0ms)
				RefreshPlugins (87ms)
				BeforeProcessingInitializeOnLoad (1ms)
				ProcessInitializeOnLoadAttributes (77ms)
				ProcessInitializeOnLoadMethodAttributes (184ms)
				AfterProcessingInitializeOnLoad (0ms)
				EditorAssembliesLoaded (0ms)
			ExecutionOrderSort2 (0ms)
			AwakeInstancesAfterBackupRestoration (0ms)
Platform modules already initialized, skipping
Registering precompiled user dll's ...
Registered in 0.003433 seconds.
Begin MonoManager ReloadAssembly
Symbol file LoadedFromMemory doesn't match image D:\Unity Projects\Battleship Brick Breaker New\BattleshipBrickBreakerNew\Battleship Brick Breaker\Library\PackageCache\com.unity.visualscripting@1.7.8\Editor\VisualScripting.Core\Dependencies\YamlDotNet\Unity.VisualScripting.YamlDotNet.dll
Symbol file LoadedFromMemory doesn't match image D:\Unity Projects\Battleship Brick Breaker New\BattleshipBrickBreakerNew\Battleship Brick Breaker\Library\PackageCache\com.unity.visualscripting@1.7.8\Editor\VisualScripting.Core\Dependencies\DotNetZip\Unity.VisualScripting.IonicZip.dll
Native extension for WindowsStandalone target not found
Native extension for Android target not found
Refreshing native plugins compatible for Editor in 1.48 ms, found 5 plugins.
Preloading 0 native plugins for Editor in 0.00 ms.
Mono: successfully reloaded assembly
- Completed reload, in  1.002 seconds
Domain Reload Profiling:
	ReloadAssembly (1002ms)
		BeginReloadAssembly (204ms)
			ExecutionOrderSort (0ms)
			DisableScriptedObjects (5ms)
			BackupInstance (0ms)
			ReleaseScriptingObjects (0ms)
			CreateAndSetChildDomain (135ms)
		EndReloadAssembly (714ms)
			LoadAssemblies (66ms)
			RebuildTransferFunctionScriptingTraits (0ms)
			SetupTypeCache (208ms)
			ReleaseScriptCaches (1ms)
			RebuildScriptCaches (51ms)
			SetupLoadedEditorAssemblies (356ms)
				LogAssemblyErrors (0ms)
				InitializePlatformSupportModulesInManaged (13ms)
				SetLoadedEditorAssemblies (1ms)
				RefreshPlugins (2ms)
				BeforeProcessingInitializeOnLoad (89ms)
				ProcessInitializeOnLoadAttributes (217ms)
				ProcessInitializeOnLoadMethodAttributes (31ms)
				AfterProcessingInitializeOnLoad (4ms)
				EditorAssembliesLoaded (0ms)
			ExecutionOrderSort2 (0ms)
			AwakeInstancesAfterBackupRestoration (4ms)
Platform modules already initialized, skipping
========================================================================
Worker process is ready to serve import requests
Shader 'WFX/Transparent Diffuse': fallback shader 'Particles/Alpha Blended' not found
Shader 'WFX/Transparent Specular': fallback shader 'Particles/Alpha Blended' not found
Launched and connected shader compiler UnityShaderCompiler.exe after 0.04 seconds
Refreshing native plugins compatible for Editor in 1.03 ms, found 5 plugins.
Preloading 0 native plugins for Editor in 0.00 ms.
Unloading 3885 Unused Serialized files (Serialized files now loaded: 0)
Unloading 46 unused Assets / (293.5 KB). Loaded Objects now: 4343.
Memory consumption went from 221.8 MB to 221.5 MB.
Total: 2.953700 ms (FindLiveObjects: 0.279100 ms CreateObjectMapping: 0.100300 ms MarkObjects: 2.428600 ms  DeleteObjects: 0.144900 ms)

AssetImportParameters requested are different than current active one (requested -> active):
  custom:video-decoder-ogg-theora: a1e56fd34408186e4bbccfd4996cb3dc -> 
  custom:container-muxer-webm: aa71ff27fc2769a1b78a27578f13a17b -> 
  custom:container-demuxer-webm: 4f35f7cbe854078d1ac9338744f61a02 -> 
  custom:video-encoder-webm-vp8: eb34c28f22e8b96e1ab97ce403110664 -> 
  custom:video-codec-MediaFoundation-h265: 746d11721c4dcdbdad8f713fa42b33f4 -> 
  custom:audio-encoder-webm-vorbis: bf7c407c2cedff20999df2af8eb42d56 -> 
  custom:framework-win-MediaFoundation: 216162199b28c13a410421893ffa2e32 -> 
  custom:container-demuxer-ogg: 62fdf1f143b41e24485cea50d1cbac27 -> 
  custom:video-decoder-webm-vp8: 9c59270c3fd7afecdb556c50c9e8de78 -> 
  custom:audio-decoder-ogg-vorbis: bf7c407c2cedff20999df2af8eb42d56 -> 
========================================================================
Received Import Request.
  Time since last request: 241083.230961 seconds.
  path: Assets/MyPrefabs/Brick Formations/Brick Cluster 2.prefab
  artifactKey: Guid(1648601592da5174ca06048932df0d19) Importer(815301076,1909f56bfc062723c751e8b465ee728b)
Start importing Assets/MyPrefabs/Brick Formations/Brick Cluster 2.prefab using Guid(1648601592da5174ca06048932df0d19) Importer(815301076,1909f56bfc062723c751e8b465ee728b)  -> (artifact id: '3741cbbc1ca38a8bba8c58b4bf24d0c5') in 1.408354 seconds 
========================================================================
Received Import Request.
  Time since last request: 0.000030 seconds.
  path: Assets/MyPrefabs/Brick Formations/Small Double Pyramid.prefab
  artifactKey: Guid(4747ec7b280583347b5094c3de8776d1) Importer(815301076,1909f56bfc062723c751e8b465ee728b)
Start importing Assets/MyPrefabs/Brick Formations/Small Double Pyramid.prefab using Guid(4747ec7b280583347b5094c3de8776d1) Importer(815301076,1909f56bfc062723c751e8b465ee728b)  -> (artifact id: 'b4146f6c31e6c24c12a3bb6bd53badfa') in 0.690244 seconds 
========================================================================
Received Import Request.
  Time since last request: 0.000050 seconds.
  path: Assets/MyPrefabs/Brick Formations/Brick Double Pyramid Large.prefab
  artifactKey: Guid(d88271e15ee60db4da190635c5a6c67a) Importer(815301076,1909f56bfc062723c751e8b465ee728b)
Start importing Assets/MyPrefabs/Brick Formations/Brick Double Pyramid Large.prefab using Guid(d88271e15ee60db4da190635c5a6c67a) Importer(815301076,1909f56bfc062723c751e8b465ee728b)  -> (artifact id: 'bbb9404cbf354e93f10f99b1941f7a8e') in 0.553092 seconds 
========================================================================
Received Import Request.
  Time since last request: 0.000031 seconds.
  path: Assets/MyPrefabs/Brick Formations/Half Small Pyramid.prefab
  artifactKey: Guid(6ad3d7130d959bf47baa8f190a446ec0) Importer(815301076,1909f56bfc062723c751e8b465ee728b)
Start importing Assets/MyPrefabs/Brick Formations/Half Small Pyramid.prefab using Guid(6ad3d7130d959bf47baa8f190a446ec0) Importer(815301076,1909f56bfc062723c751e8b465ee728b)  -> (artifact id: '00d8eee5c29764e93acdd206b1941887') in 0.164926 seconds 
========================================================================
Received Import Request.
  Time since last request: 0.000040 seconds.
  path: Assets/MyPrefabs/Brick Formations/Group (Circle) 1.prefab
  artifactKey: Guid(d781aabde4aa9124bb3a49f53196b98a) Importer(815301076,1909f56bfc062723c751e8b465ee728b)
Start importing Assets/MyPrefabs/Brick Formations/Group (Circle) 1.prefab using Guid(d781aabde4aa9124bb3a49f53196b98a) Importer(815301076,1909f56bfc062723c751e8b465ee728b)  -> (artifact id: 'ca59ea2042ec294b670ae52ebbb065b8') in 0.152983 seconds 
========================================================================
Received Import Request.
  Time since last request: 0.000038 seconds.
  path: Assets/MyPrefabs/Brick Formations/Brick Group (5).prefab
  artifactKey: Guid(1ab1d3b840c33cc45aa35cbe3537bfea) Importer(815301076,1909f56bfc062723c751e8b465ee728b)
Start importing Assets/MyPrefabs/Brick Formations/Brick Group (5).prefab using Guid(1ab1d3b840c33cc45aa35cbe3537bfea) Importer(815301076,1909f56bfc062723c751e8b465ee728b)  -> (artifact id: '006929e8dbf9037922b0f1e90595b9c2') in 0.132389 seconds 
========================================================================
Received Import Request.
  Time since last request: 0.000033 seconds.
  path: Assets/MyPrefabs/Brick Formations/Brick Group.prefab
  artifactKey: Guid(40115cd4b8ea48744a0773d5c77be40b) Importer(815301076,1909f56bfc062723c751e8b465ee728b)
Start importing Assets/MyPrefabs/Brick Formations/Brick Group.prefab using Guid(40115cd4b8ea48744a0773d5c77be40b) Importer(815301076,1909f56bfc062723c751e8b465ee728b)  -> (artifact id: 'bbc7e8bc173b72796c310e36245f24bd') in 0.330651 seconds 
========================================================================
Received Import Request.
  Time since last request: 0.000039 seconds.
  path: Assets/MyPrefabs/Brick Formations/Brick Double Pyramid.prefab
  artifactKey: Guid(053ce498acbcc0b468fb7b256caae604) Importer(815301076,1909f56bfc062723c751e8b465ee728b)
Start importing Assets/MyPrefabs/Brick Formations/Brick Double Pyramid.prefab using Guid(053ce498acbcc0b468fb7b256caae604) Importer(815301076,1909f56bfc062723c751e8b465ee728b)  -> (artifact id: '797dad7cd97a28fe52d61617910ded88') in 0.477196 seconds 
========================================================================
Received Import Request.
  Time since last request: 0.000027 seconds.
  path: Assets/MyPrefabs/Brick Formations/Half Pyramid.prefab
  artifactKey: Guid(094b783a729a4ca4fbb7689149ae2fb9) Importer(815301076,1909f56bfc062723c751e8b465ee728b)
Start importing Assets/MyPrefabs/Brick Formations/Half Pyramid.prefab using Guid(094b783a729a4ca4fbb7689149ae2fb9) Importer(815301076,1909f56bfc062723c751e8b465ee728b)  -> (artifact id: '20151317bf5114f8d824349cc3c66549') in 0.232300 seconds 
========================================================================
Received Import Request.
  Time since last request: 0.000035 seconds.
  path: Assets/MyPrefabs/Bricks/Objective Brick.prefab
  artifactKey: Guid(8bcb087656ddcb049989c4f745a293f2) Importer(815301076,1909f56bfc062723c751e8b465ee728b)
Start importing Assets/MyPrefabs/Bricks/Objective Brick.prefab using Guid(8bcb087656ddcb049989c4f745a293f2) Importer(815301076,1909f56bfc062723c751e8b465ee728b)  -> (artifact id: 'fed14f68b95b8c254f0ba691c2766631') in 0.116423 seconds 
========================================================================
Received Import Request.
  Time since last request: 0.000026 seconds.
  path: Assets/MyPrefabs/Brick Formations/Middle Layout.prefab
  artifactKey: Guid(496d31ae3a33bb7488438f330011380a) Importer(815301076,1909f56bfc062723c751e8b465ee728b)
Start importing Assets/MyPrefabs/Brick Formations/Middle Layout.prefab using Guid(496d31ae3a33bb7488438f330011380a) Importer(815301076,1909f56bfc062723c751e8b465ee728b)  -> (artifact id: '1aece1d141131b12b5d24d7cea8a99ec') in 0.231922 seconds 
========================================================================
Received Import Request.
  Time since last request: 603.341634 seconds.
  path: Assets/Sound Files/Light.wav
  artifactKey: Guid(f87cd5befcb38294f99a2e2a52405884) Importer(815301076,1909f56bfc062723c751e8b465ee728b)
Start importing Assets/Sound Files/Light.wav using Guid(f87cd5befcb38294f99a2e2a52405884) Importer(815301076,1909f56bfc062723c751e8b465ee728b)  -> (artifact id: '8978b37ee63074e01f2c30ed53ec9f23') in 0.087440 seconds 
========================================================================
Received Import Request.
  Time since last request: 89.832804 seconds.
  path: Assets/MyPrefabs/Bricks/Ammo Brick.prefab
  artifactKey: Guid(bf06a3c79f21abf4986f47edc536c652) Importer(815301076,1909f56bfc062723c751e8b465ee728b)
Start importing Assets/MyPrefabs/Bricks/Ammo Brick.prefab using Guid(bf06a3c79f21abf4986f47edc536c652) Importer(815301076,1909f56bfc062723c751e8b465ee728b)  -> (artifact id: '02d839fc5d2ddd5130723d25f20948e5') in 0.124220 seconds 
========================================================================
Received Import Request.
  Time since last request: 14.589840 seconds.
  path: Assets/MyPrefabs/Bricks/Explosion Brick Variant.prefab
  artifactKey: Guid(661fa8077b6fb644d9f2b760b2babddd) Importer(815301076,1909f56bfc062723c751e8b465ee728b)
Start importing Assets/MyPrefabs/Bricks/Explosion Brick Variant.prefab using Guid(661fa8077b6fb644d9f2b760b2babddd) Importer(815301076,1909f56bfc062723c751e8b465ee728b)  -> (artifact id: '649b2a1d930640a2cde48f373c2dff03') in 1.087270 seconds 
========================================================================
Received Import Request.
  Time since last request: 11.581266 seconds.
  path: Assets/MyPrefabs/Bricks/Explosion Brick Variant 2.prefab
  artifactKey: Guid(df0d82aec765ff54490f52f07cc43437) Importer(815301076,1909f56bfc062723c751e8b465ee728b)
Start importing Assets/MyPrefabs/Bricks/Explosion Brick Variant 2.prefab using Guid(df0d82aec765ff54490f52f07cc43437) Importer(815301076,1909f56bfc062723c751e8b465ee728b)  -> (artifact id: '436bbc994fc8278564dd5e3d9c5f1c19') in 1.374564 seconds 
========================================================================
Received Import Request.
  Time since last request: 21.713323 seconds.
  path: Assets/MyPrefabs/Bricks/Explosion Brick Variant 2.prefab
  artifactKey: Guid(df0d82aec765ff54490f52f07cc43437) Importer(815301076,1909f56bfc062723c751e8b465ee728b)
Start importing Assets/MyPrefabs/Bricks/Explosion Brick Variant 2.prefab using Guid(df0d82aec765ff54490f52f07cc43437) Importer(815301076,1909f56bfc062723c751e8b465ee728b)  -> (artifact id: '294df930b03273bdc8c32db68b1e3d9e') in 2.014381 seconds 
========================================================================
Received Import Request.
  Time since last request: 16.463183 seconds.
  path: Assets/MyPrefabs/Bricks/Explosion Brick Variant.prefab
  artifactKey: Guid(661fa8077b6fb644d9f2b760b2babddd) Importer(815301076,1909f56bfc062723c751e8b465ee728b)
Start importing Assets/MyPrefabs/Bricks/Explosion Brick Variant.prefab using Guid(661fa8077b6fb644d9f2b760b2babddd) Importer(815301076,1909f56bfc062723c751e8b465ee728b)  -> (artifact id: '317a7776e0e1cde9d8f1c6e822170dac') in 0.458368 seconds 
========================================================================
Received Import Request.
  Time since last request: 267.910438 seconds.
  path: Assets/FC Pirate Music Pack [Lite]/SFX/Snare Stinger 1.wav
  artifactKey: Guid(4941095b80498491786d3e14724c75c2) Importer(815301076,1909f56bfc062723c751e8b465ee728b)
Start importing Assets/FC Pirate Music Pack [Lite]/SFX/Snare Stinger 1.wav using Guid(4941095b80498491786d3e14724c75c2) Importer(815301076,1909f56bfc062723c751e8b465ee728b)  -> (artifact id: '145b2dd6cfdbed3d5ead38af086aeae7') in 0.108752 seconds 
========================================================================
Received Import Request.
  Time since last request: 14.689680 seconds.
  path: Assets/MyPrefabs/Bricks/Powerup Brick Variant.prefab
  artifactKey: Guid(0ee3ab5b00e63e247ae20649f36d6608) Importer(815301076,1909f56bfc062723c751e8b465ee728b)
Start importing Assets/MyPrefabs/Bricks/Powerup Brick Variant.prefab using Guid(0ee3ab5b00e63e247ae20649f36d6608) Importer(815301076,1909f56bfc062723c751e8b465ee728b)  -> (artifact id: '3c058ebf652c4dac594b23bc9adf5daf') in 0.167855 seconds 
